0 info it worked if it ends with ok
1 verbose cli [ 'node', '/usr/local/bin/npm', 'pub' ]
2 info using npm@1.4.16
3 info using node@v0.10.29
4 verbose node symlink /usr/local/bin/node
5 verbose publish [ '.' ]
6 verbose cache add [ '.', null ]
7 verbose cache add name=undefined spec="." args=[".",null]
8 verbose parsed url { protocol: null,
8 verbose parsed url   slashes: null,
8 verbose parsed url   auth: null,
8 verbose parsed url   host: null,
8 verbose parsed url   port: null,
8 verbose parsed url   hostname: null,
8 verbose parsed url   hash: null,
8 verbose parsed url   search: null,
8 verbose parsed url   query: null,
8 verbose parsed url   pathname: '.',
8 verbose parsed url   path: '.',
8 verbose parsed url   href: '.' }
9 silly lockFile 3a52ce78- .
10 verbose lock . /Users/johannes/.npm/3a52ce78-.lock
11 verbose tar pack [ '/Users/johannes/.npm/three-vr/0.0.0/package.tgz', '.' ]
12 verbose tarball /Users/johannes/.npm/three-vr/0.0.0/package.tgz
13 verbose folder .
14 info prepublish three-vr@0.0.0
15 silly lockFile 1f1177db-tar tar://.
16 verbose lock tar://. /Users/johannes/.npm/1f1177db-tar.lock
17 silly lockFile 698f8b1b-s-npm-three-vr-0-0-0-package-tgz tar:///Users/johannes/.npm/three-vr/0.0.0/package.tgz
18 verbose lock tar:///Users/johannes/.npm/three-vr/0.0.0/package.tgz /Users/johannes/.npm/698f8b1b-s-npm-three-vr-0-0-0-package-tgz.lock
19 silly lockFile 1f1177db-tar tar://.
20 silly lockFile 1f1177db-tar tar://.
21 silly lockFile 698f8b1b-s-npm-three-vr-0-0-0-package-tgz tar:///Users/johannes/.npm/three-vr/0.0.0/package.tgz
22 silly lockFile 698f8b1b-s-npm-three-vr-0-0-0-package-tgz tar:///Users/johannes/.npm/three-vr/0.0.0/package.tgz
23 silly lockFile a9044684-annes-npm-three-vr-0-0-0-package /Users/johannes/.npm/three-vr/0.0.0/package
24 verbose lock /Users/johannes/.npm/three-vr/0.0.0/package /Users/johannes/.npm/a9044684-annes-npm-three-vr-0-0-0-package.lock
25 silly lockFile a9044684-annes-npm-three-vr-0-0-0-package /Users/johannes/.npm/three-vr/0.0.0/package
26 silly lockFile a9044684-annes-npm-three-vr-0-0-0-package /Users/johannes/.npm/three-vr/0.0.0/package
27 silly lockFile 3a52ce78- .
28 silly lockFile 3a52ce78- .
29 silly publish { name: 'three-vr',
29 silly publish   version: '0.0.0',
29 silly publish   description: 'Device controls and render steps for mobile virtual reality applications',
29 silly publish   main: 'three-vr.js',
29 silly publish   scripts:
29 silly publish    { test: 'echo "Error: no test specified" && exit 1',
29 silly publish      start: 'open demo/index.html' },
29 silly publish   repository:
29 silly publish    { type: 'git',
29 silly publish      url: 'https://github.com/schickling/three.js-vr.git' },
29 silly publish   keywords:
29 silly publish    [ 'three',
29 silly publish      'threejs',
29 silly publish      'three.js',
29 silly publish      'vr',
29 silly publish      'virtual',
29 silly publish      'reality',
29 silly publish      'cardboard',
29 silly publish      'oculus',
29 silly publish      'rift',
29 silly publish      'immersion' ],
29 silly publish   license: 'MIT',
29 silly publish   bugs: { url: 'https://github.com/schickling/three.js-vr/issues' },
29 silly publish   homepage: 'https://github.com/schickling/three.js-vr',
29 silly publish   devDependencies:
29 silly publish    { browserify: '^5.12.0',
29 silly publish      connect: '^3.2.0',
29 silly publish      express: '^4.9.0',
29 silly publish      'socket.io': '^1.1.0',
29 silly publish      'tween.js': '^0.14.0',
29 silly publish      'uglify-js': '^2.4.15' },
29 silly publish   readme: 'three-vr\n===========\n\nDevice controls and render steps for mobile virtual reality applications\n\n## Installation\n\n```sh\n$ npm install three-vr\n```\n\n## Usage\n\n```js\n// load three-vr extension\nvar threevr = require(\'three-vr\');\n\n// init rendering\nthreevr.init({\n  renderer: renderer,\n  camera: camera,\n  scene: scene\n});\n```\n\n## API\n\n\n\n## Authors\n\n* Johannes Schickling - [Github](https://github.com/schickling) - [Twitter](https://twitter.com/_schickling)\n* Tim Suchanek - [Github](https://github.com/timsuchanek) - [Twitter](https://twitter.com/timsuchanek)\n\n## License\n\n[MIT License](http://opensource.org/licenses/MIT)\n\n',
29 silly publish   readmeFilename: 'README.md',
29 silly publish   gitHead: '020b88fdefde0b5fd606a2414ed7b5efff22e0e5',
29 silly publish   _id: 'three-vr@0.0.0',
29 silly publish   _shasum: '9889d36ff6de38f90a474f4a0b0c1e7f8c86f95a',
29 silly publish   _from: '.' }
30 verbose request where is /three-vr
31 verbose request registry https://registry.npmjs.org/
32 verbose request id 6a1838d0834c2dc4
33 verbose url raw /three-vr
34 verbose url resolving [ 'https://registry.npmjs.org/', './three-vr' ]
35 verbose url resolved https://registry.npmjs.org/three-vr
36 verbose request where is https://registry.npmjs.org/three-vr
37 info trying registry request attempt 1 at 21:53:26
38 http PUT https://registry.npmjs.org/three-vr
39 http 403 https://registry.npmjs.org/three-vr
40 verbose headers { date: 'Thu, 09 Oct 2014 19:53:31 GMT',
40 verbose headers   server: 'CouchDB/1.5.0 (Erlang OTP/R16B03)',
40 verbose headers   'content-type': 'application/json',
40 verbose headers   'cache-control': 'max-age=60',
40 verbose headers   'content-length': '3493',
40 verbose headers   'accept-ranges': 'bytes',
40 verbose headers   via: '1.1 varnish',
40 verbose headers   'x-served-by': 'cache-fra1224-FRA',
40 verbose headers   'x-cache': 'MISS',
40 verbose headers   'x-cache-hits': '0',
40 verbose headers   'x-timer': 'S1412884410.789897,VS0,VE1005',
40 verbose headers   'keep-alive': 'timeout=10, max=50',
40 verbose headers   connection: 'Keep-Alive' }
41 error publish Failed PUT 403
42 error Error: forbidden cannot modify pre-existing version: 0.0.0
42 error old={"name":"three-vr","version":"0.0.0","description":"Device controls and render steps for mobile virtual reality applications","main":"index.js","scripts":{"test":"echo \"Error: no test specified\" && exit 1"},"repository":{"type":"git","url":"https://github.com/schickling/three.js-vr.git"},"keywords":["three","threejs","three.js","vr","virtual","reality","cardboard","oculus","rift","immersion"],"author":{"name":"Johannes Schickling","email":"schickling.j@gmail.com","url":"https://github.com/schickling"},"license":"MIT","bugs":{"url":"https://github.com/schickling/three.js-vr/issues"},"homepage":"https://github.com/schickling/three.js-vr","gitHead":"5962eb264dfdf015e36b2030e278e28a3e7091e5","_id":"three-vr@0.0.0","_shasum":"32ad283e2b6c8680e97bcfddcbaf5a6d1ef9702c","_from":".","_npmVersion":"1.4.16","_npmUser":{"name":"schickling","email":"schickling.j@gmail.com"},"maintainers":[{"name":"schickling","email":"schickling.j@gmail.com"}],"dist":{"shasum":"32ad283e2b6c8680e97bcfddcbaf5a6d1ef9702c","tarball":"http://registry.npmjs.org/three-vr/-/three-vr-0.0.0.tgz"}}
42 error new={"name":"three-vr","version":"0.0.0","description":"Device controls and render steps for mobile virtual reality applications","main":"three-vr.js","scripts":{"test":"echo \"Error: no test specified\" && exit 1","start":"open demo/index.html"},"repository":{"type":"git","url":"https://github.com/schickling/three.js-vr.git"},"keywords":["three","threejs","three.js","vr","virtual","reality","cardboard","oculus","rift","immersion"],"license":"MIT","bugs":{"url":"https://github.com/schickling/three.js-vr/issues"},"homepage":"https://github.com/schickling/three.js-vr","devDependencies":{"browserify":"^5.12.0","connect":"^3.2.0","express":"^4.9.0","socket.io":"^1.1.0","tween.js":"^0.14.0","uglify-js":"^2.4.15"},"readme":"three-vr\u000a===========\u000a\u000aDevice controls and render steps for mobile virtual reality applications\u000a\u000a## Installation\u000a\u000a```sh\u000a$ npm install three-vr\u000a```\u000a\u000a## Usage\u000a\u000a```js\u000a// load three-vr extension\u000avar threevr = require('three-vr');\u000a\u000a// init rendering\u000athreevr.init({\u000a  renderer: renderer,\u000a  camera: camera,\u000a  scene: scene\u000a});\u000a```\u000a\u000a## API\u000a\u000a\u000a\u000a## Authors\u000a\u000a* Johannes Schickling - [Github](https://github.com/schickling) - [Twitter](https://twitter.com/_schickling)\u000a* Tim Suchanek - [Github](https://github.com/timsuchanek) - [Twitter](https://twitter.com/timsuchanek)\u000a\u000a## License\u000a\u000a[MIT License](http://opensource.org/licenses/MIT)\u000a\u000a","readmeFilename":"README.md","gitHead":"020b88fdefde0b5fd606a2414ed7b5efff22e0e5","_id":"three-vr@0.0.0","_shasum":"9889d36ff6de38f90a474f4a0b0c1e7f8c86f95a","_from":".","_npmVersion":"1.4.16","_npmUser":{"name":"schickling","email":"schickling.j@gmail.com"},"maintainers":[{"name":"schickling","email":"schickling.j@gmail.com"}],"dist":{"shasum":"9889d36ff6de38f90a474f4a0b0c1e7f8c86f95a","tarball":"http://registry.npmjs.org/three-vr/-/three-vr-0.0.0.tgz"}}: three-vr
42 error     at RegClient.<anonymous> (/usr/local/lib/node_modules/npm/node_modules/npm-registry-client/lib/request.js:300:14)
42 error     at Request._callback (/usr/local/lib/node_modules/npm/node_modules/npm-registry-client/lib/request.js:238:65)
42 error     at Request.self.callback (/usr/local/lib/node_modules/npm/node_modules/request/request.js:123:22)
42 error     at Request.emit (events.js:98:17)
42 error     at Request.<anonymous> (/usr/local/lib/node_modules/npm/node_modules/request/request.js:893:14)
42 error     at Request.emit (events.js:117:20)
42 error     at IncomingMessage.<anonymous> (/usr/local/lib/node_modules/npm/node_modules/request/request.js:844:12)
42 error     at IncomingMessage.emit (events.js:117:20)
42 error     at _stream_readable.js:929:16
42 error     at process._tickCallback (node.js:419:13)
43 error If you need help, you may report this *entire* log,
43 error including the npm and node versions, at:
43 error     <http://github.com/npm/npm/issues>
44 error System Darwin 14.0.0
45 error command "node" "/usr/local/bin/npm" "pub"
46 error cwd /Users/johannes/Desktop/projects/three-vr
47 error node -v v0.10.29
48 error npm -v 1.4.16
49 verbose exit [ 1, true ]
